make all --print-data-base --no-builtin-variables --no-builtin-rules --question
# GNU Make 3.81
# Copyright (C) 2006  Free Software Foundation, Inc.
# This is free software; see the source for copying conditions.
# There is NO warranty; not even for MERCHANTABILITY or FITNESS FOR A
# PARTICULAR PURPOSE.

# This program built for i386-apple-darwin11.3.0
 
make: *** No rule to make target `main.o', needed by `ircserv'.  Stop.


# Make data base, printed on Wed Jun 15 15:08:40 2022

# Variables

# automatic
<D = $(patsubst %/,%,$(dir $<))
 
# automatic
?F = $(notdir $?)
# environment
ELECTRON_NO_ATTACH_CONSOLE = 1
# environment
VSCODE_LOG_NATIVE = false
# automatic
?D = $(patsubst %/,%,$(dir $?))
# automatic
@D = $(patsubst %/,%,$(dir $@))
# automatic
@F = $(notdir $@)
# makefile
CURDIR := /Users/kyuhokim/Cadet/chirc/others/bircf
# makefile
SHELL = /bin/sh
# makefile (from `Makefile', line 30)
RM = rm -f
# environment
VSCODE_NLS_CONFIG = {"locale":"ko","availableLanguages":{},"_languagePackSupport":true}
# environment
_ = /usr/bin/make
# makefile (from `Makefile', line 1)
MAKEFILE_LIST :=  Makefile
# makefile (from `Makefile', line 26)
CXXFLAGS = -I. -g3 -Wall -Wextra -Werror 
# environment
VSCODE_VERBOSE_LOGGING = true
# environment
__CFBundleIdentifier = com.microsoft.VSCode
# environment
INFOPATH = /opt/homebrew/share/info:
# environment
VSCODE_IPC_HOOK_EXTHOST = /var/folders/kt/hq4_5m_n0m58_k1mwg2_nrqh0000gn/T/vscode-ipc-9b2818b3-4a94-4c7f-8e7e-f7567d70de1a.sock
# environment
VSCODE_CWD = /Users/kyuhokim/Cadet/chirc/others/bircf
# environment
PATH = /opt/homebrew/bin:/opt/homebrew/sbin:/usr/local/bin:/usr/bin:/bin:/usr/sbin:/sbin:/usr/local/share/dotnet:~/.dotnet/tools:/Library/Apple/usr/bin:/Library/Frameworks/Mono.framework/Versions/Current/Commands
# environment
LSCOLORS = Gxfxcxdxbxegedabagacad
# environment
VSCODE_LOG_STACK = false
# environment
ELECTRON_RUN_AS_NODE = 1
# makefile (from `Makefile', line 27)
LDFLAGS = 
# default
.FEATURES := target-specific order-only second-expansion else-if archives jobserver check-symlink
# environment
SSH_AUTH_SOCK = /private/tmp/com.apple.launchd.RzmXmrBsdW/Listeners
# automatic
%F = $(notdir $%)
# environment
VSCODE_PIPE_LOGGING = true
# makefile (from `Makefile', line 22)
OBJS = ${SRCS:.cpp=.o}
# environment
PWD = /Users/kyuhokim/Cadet/chirc/others/bircf
# environment
HOMEBREW_CELLAR = /opt/homebrew/Cellar
# environment
ORIGINAL_XDG_CURRENT_DESKTOP = undefined
# environment
MANPATH = /opt/homebrew/share/man::
# environment
VSCODE_AMD_ENTRYPOINT = vs/workbench/api/node/extensionHostProcess
# environment
HOME = /Users/kyuhokim
# default
MAKEFILEPATH := /Applications/Xcode.app/Contents/Developer/Makefiles
# environment
VSCODE_CLI = 1
# environment
VSCODE_CODE_CACHE_PATH = /Users/kyuhokim/Library/Application Support/Code/CachedData/c3511e6c69bb39013c4a4b7b9566ec1ca73fc4d5
# environment
LOGNAME = kyuhokim
# environment
APPLICATION_INSIGHTS_NO_DIAGNOSTIC_CHANNEL = 1
# environment
ZSH = /Users/kyuhokim/.oh-my-zsh
# environment
VSCODE_HANDLES_UNCAUGHT_ERRORS = true
# automatic
^D = $(patsubst %/,%,$(dir $^))
# environment
XPC_FLAGS = 0x0
# default
MAKE = $(MAKE_COMMAND)
# default
MAKECMDGOALS := all
# makefile (from `Makefile', line 1)
SRCS = main.cpp MessageManager.cpp Commands/3.1ConnectionRegistration/PASS.cpp Commands/3.1ConnectionRegistration/NICK.cpp Commands/3.1ConnectionRegistration/USER.cpp Commands/3.1ConnectionRegistration/QUIT.cpp Commands/3.1ConnectionRegistration/PING.cpp Commands/3.1ConnectionRegistration/PONG.cpp Commands/3.2Channel/JOIN.cpp Commands/3.2Channel/PART.cpp Commands/3.2Channel/LIST.cpp Commands/3.2Channel/KICK.cpp Commands/3.2Channel/NAMES.cpp Commands/3.2Channel/TOPIC.cpp Commands/3.2Channel/INVITE.cpp Commands/3.3SendingMessages/PRIVMSG.cpp Commands/3.4Mode/MODE.cpp Commands/3.9Test/TESTMSG.cpp Commands/3.9Test/PUBLICMSG.cpp Commands/3.9Test/SELFMSG.cpp reply.cpp 
# environment
SHLVL = 3
# default
MAKE_VERSION := 3.81
# environment
USER = kyuhokim
# makefile
.DEFAULT_GOAL := ircserv
# environment
TERM_SESSION_ID = A82896D4-1D86-465B-8244-330556C519CC
# makefile (from `Makefile', line 24)
NAME = ircserv
# environment
LESS = -R
# automatic
%D = $(patsubst %/,%,$(dir $%))
# default
MAKE_COMMAND := /Applications/Xcode.app/Contents/Developer/usr/bin/make
# environment
TERM_PROGRAM = Apple_Terminal
# default
.VARIABLES := 
# environment
TMPDIR = /var/folders/kt/hq4_5m_n0m58_k1mwg2_nrqh0000gn/T/
# automatic
*F = $(notdir $*)
# environment
VSCODE_IPC_HOOK = /Users/kyuhokim/Library/Application Support/Code/1.67.2-main.sock
# makefile
MAKEFLAGS = Rrqp
# environment
MFLAGS = -Rrqp
# automatic
*D = $(patsubst %/,%,$(dir $*))
# environment
TERM_PROGRAM_VERSION = 445
# environment
XPC_SERVICE_NAME = application.com.microsoft.VSCode.8875144.8875150.A3ED75BC-3E1A-40BC-9752-6A3CB9B5BB4B
# environment
 
HOMEBREW_PREFIX = /opt/homebrew
# automatic
+D = $(patsubst %/,%,$(dir $+))
# automatic
+F = $(notdir $+)
# environment
HOMEBREW_REPOSITORY = /opt/homebrew
# environment
__CF_USER_TEXT_ENCODING = 0x1F5:0x3:0x33
# environment
COMMAND_MODE = unix2003
# default
MAKEFILES := 
# automatic
<F = $(notdir $<)
# makefile (from `Makefile', line 29)
CXX = c++
# environment
PAGER = less
# environment
LC_ALL = C
# automatic
^F = $(notdir $^)
# default
SUFFIXES := 
# environment
MAKELEVEL := 0
# environment
LANG = C
# environment
TERM = xterm-256color
# environment
VSCODE_PID = 1151
# variable set hash-table stats:
# Load=83/1024=8%, Rehash=0, Collisions=5/110=5%

# Pattern-specific Variable Values

# No pattern-specific variable values.

# Directories

# . (device 16777232, inode 11955395): 17 files, no impossibilities.

# 17 files, no impossibilities in 1 directories.

# Implicit Rules

# No implicit rules.

# Files

# Not a target:
Commands/3.2Channel/LIST.o:
#  Implicit rule search has not been done.
#  Modification time never checked.
#  File has not been updated.

all: ircserv
#  Command-line target.
#  Implicit rule search has been done.
#  File does not exist.
#  File has not been updated.
# variable set hash-table stats:
# Load=0/32=0%, Rehash=0, Collisions=0/0=0%

# Not a target:
Commands/3.4Mode/MODE.o:
#  Implicit rule search has not been done.
#  Modification time never checked.
#  File has not been updated.

# Not a target:
Commands/3.1ConnectionRegistration/PING.o:
#  Implicit rule search has not been done.
#  Modification time never checked.
#  File has not been updated.

# Not a target:
Commands/3.2Channel/KICK.o:
#  Implicit rule search has not been done.
#  Modification time never checked.
#  File has not been updated.

# Not a target:
Commands/3.2Channel/NAMES.o:
#  Implicit rule search has not been done.
#  Modification time never checked.
#  File has not been updated.

# Not a target:
.SUFFIXES:
#  Implicit rule search has not been done.
#  Modification time never checked.
#  File has not been updated.

# Not a target:
Makefile:
#  Implicit rule search has been done.
#  Last modified 2022-06-14 15:06:17
#  File has been updated.
#  Successfully updated.
# variable set hash-table stats:
# Load=0/32=0%, Rehash=0, Collisions=0/0=0%

# Not a target:
Commands/3.2Channel/INVITE.o:
#  Implicit rule search has not been done.
#  Modification time never checked.
#  File has not been updated.

ircserv: main.o MessageManager.o Commands/3.1ConnectionRegistration/PASS.o Commands/3.1ConnectionRegistration/NICK.o Commands/3.1ConnectionRegistration/USER.o Commands/3.1ConnectionRegistration/QUIT.o Commands/3.1ConnectionRegistration/PING.o Commands/3.1ConnectionRegistration/PONG.o Commands/3.2Channel/JOIN.o Commands/3.2Channel/PART.o Commands/3.2Channel/LIST.o Commands/3.2Channel/KICK.o Commands/3.2Channel/NAMES.o Commands/3.2Channel/TOPIC.o Commands/3.2Channel/INVITE.o Commands/3.3SendingMessages/PRIVMSG.o Commands/3.4Mode/MODE.o Commands/3.9Test/TESTMSG.o Commands/3.9Test/PUBLICMSG.o Commands/3.9Test/SELFMSG.o reply.o
#  Implicit rule search has not been done.
#  File does not exist.
#  File has not been updated.
# variable set hash-table stats:
# Load=0/32=0%, Rehash=0, Collisions=0/0=0%
#  commands to execute (from `Makefile', line 33):
	@${CXX} ${CXXFLAGS} -o ${NAME} ${OBJS} ${LDFLAGS}
	

# Not a target:
Commands/3.1ConnectionRegistration/USER.o:
#  Implicit rule search has not been done.
#  Modification time never checked.
#  File has not been updated.

# Not a target:
Commands/3.3SendingMessages/PRIVMSG.o:
#  Implicit rule search has not been done.
#  Modification time never checked.
#  File has not been updated.

# Not a target:
Commands/3.9Test/TESTMSG.o:
#  Implicit rule search has not been done.
#  Modification time never checked.
#  File has not been updated.

fclean: clean
#  Implicit rule search has not been done.
#  Modification time never checked.
#  File has not been updated.
#  commands to execute (from `Makefile', line 41):
	${RM} ${NAME}
	

# Not a target:
Commands/3.1ConnectionRegistration/PONG.o:
#  Implicit rule search has not been done.
#  Modification time never checked.
#  File has not been updated.

# Not a target:
Commands/3.2Channel/TOPIC.o:
#  Implicit rule search has not been done.
#  Modification time never checked.
#  File has not been updated.

# Not a target:
.DEFAULT:
#  Implicit rule search has not been done.
#  Modification time never checked.
#  File has not been updated.

# Not a target:
Commands/3.1ConnectionRegistration/QUIT.o:
#  Implicit rule search has not been done.
#  Modification time never checked.
#  File has not been updated.

# Not a target:
Commands/3.2Channel/JOIN.o:
#  Implicit rule search has not been done.
#  Modification time never checked.
#  File has not been updated.

re: fclean all
#  Implicit rule search has not been done.
#  Modification time never checked.
#  File has not been updated.

clean:
#  Implicit rule search has not been done.
#  Modification time never checked.
#  File has not been updated.
#  commands to execute (from `Makefile', line 38):
	${RM} ${OBJS} *~ #*#
	

# Not a target:
Commands/3.9Test/PUBLICMSG.o:
#  Implicit rule search has not been done.
#  Modification time never checked.
#  File has not been updated.

# Not a target:
Commands/3.1ConnectionRegistration/PASS.o:
#  Implicit rule search has not been done.
#  Modification time never checked.
#  File has not been updated.

# Not a target:
reply.o:
#  Implicit rule search has not been done.
#  Modification time never checked.
#  File has not been updated.

# Not a target:
main.o:
#  Implicit rule search has been done.
#  File does not exist.
#  File has not been updated.
# variable set hash-table stats:
# Load=0/32=0%, Rehash=0, Collisions=0/0=0%

# Not a target:
MessageManager.o:
#  Implicit rule search has not been done.
#  Modification time never checked.
#  File has not been updated.

 
# Not a target:
Commands/3.2Channel/PART.o:
#  Implicit rule search has not been done.
#  Modification time never checked.
#  File has not been updated.

# Not a target:
Commands/3.1ConnectionRegistration/NICK.o:
#  Implicit rule search has not been done.
#  Modification time never checked.
#  File has not been updated.

# Not a target:
Commands/3.9Test/SELFMSG.o:
#  Implicit rule search has not been done.
#  Modification time never checked.
#  File has not been updated.

# files hash-table stats:
# Load=29/1024=3%, Rehash=0, Collisions=2/67=3%
# VPATH Search Paths

# No `vpath' search paths.

# No general (`VPATH' variable) search path.

# # of strings in strcache: 1
# # of strcache buffers: 1
# strcache size: total = 4096 / max = 4096 / min = 4096 / avg = 4096
# strcache free: total = 4087 / max = 4087 / min = 4087 / avg = 4087

# Finished Make data base on Wed Jun 15 15:08:40 2022

 
